camera.cpp:11:7: error: redefinition of 'class Camera'
   11 | class Camera {
      |       ^~~~~~
In file included from camera.cpp:1:
camera.h:6:7: note: previous definition of 'class Camera'
    6 | class Camera {
      |       ^~~~~~
camera.cpp: In function 'void access_camera()':
camera.cpp:107:12: error: 'class Camera' has no member named 'start'
  107 |     camera.start();
      |            ^~~~~
chat.cpp:12:22: error: expected ')' before 'socket'
   12 |     ChatClient(sock_t socket) : sock(socket), stop(false) {
      |               ~      ^~~~~~~
      |                      )
chat.cpp:47:5: error: 'sock_t' does not name a type; did you mean 'clock_t'?
   47 |     sock_t sock;
      |     ^~~~~~
      |     clock_t
chat.cpp: In member function 'void ChatClient::send_message(const std::string&)':
chat.cpp:23:22: error: 'sock' was not declared in this scope; did you mean 'lock'?
   23 |         if (send_all(sock, message.c_str(), message.size())) {
      |                      ^~~~
      |                      lock
chat.cpp:23:13: error: 'send_all' was not declared in this scope
   23 |         if (send_all(sock, message.c_str(), message.size())) {
      |             ^~~~~~~~
chat.cpp: In member function 'void ChatClient::receive_messages()':
chat.cpp:34:28: error: 'sock' was not declared in this scope
   34 |             int len = recv(sock, buffer, sizeof(buffer) - 1, 0);
      |                            ^~~~
chat.cpp:34:23: error: 'recv' was not declared in this scope; did you mean 'cv'?
   34 |             int len = recv(sock, buffer, sizeof(buffer) - 1, 0);
      |                       ^~~~
      |                       cv
chat.cpp: At global scope:
chat.cpp:53:6: error: variable or field 'chat_interface' declared void
   53 | void chat_interface(sock_t sock) {
      |      ^~~~~~~~~~~~~~
chat.cpp:53:21: error: 'sock_t' was not declared in this scope; did you mean 'clock_t'?
   53 | void chat_interface(sock_t sock) {
      |                     ^~~~~~
      |                     clock_t
file_transfer.cpp:8:18: error: 'sock_t' was not declared in this scope; did you mean 'clock_t'?
    8 | bool upload_file(sock_t sock, const std::string& file_path) {
      |                  ^~~~~~
      |                  clock_t
file_transfer.cpp:8:31: error: expected primary-expression before 'const'
    8 | bool upload_file(sock_t sock, const std::string& file_path) {
      |                               ^~~~~
file_transfer.cpp:8:59: error: expression list treated as compound expression in initializer [-fpermissive]
    8 | bool upload_file(sock_t sock, const std::string& file_path) {
      |                                                           ^
file_transfer.cpp:43:20: error: 'sock_t' was not declared in this scope; did you mean 'clock_t'?
   43 | bool download_file(sock_t sock, const std::string& file_path) {
      |                    ^~~~~~
      |                    clock_t
file_transfer.cpp:43:33: error: expected primary-expression before 'const'
   43 | bool download_file(sock_t sock, const std::string& file_path) {
      |                                 ^~~~~
file_transfer.cpp:43:61: error: expression list treated as compound expression in initializer [-fpermissive]
   43 | bool download_file(sock_t sock, const std::string& file_path) {
      |                                                             ^
file_transfer.cpp:75:18: error: 'sock_t' was not declared in this scope; did you mean 'clock_t'?
   75 | bool delete_file(sock_t sock, const std::string& file_path) {
      |                  ^~~~~~
      |                  clock_t
file_transfer.cpp:75:31: error: expected primary-expression before 'const'
   75 | bool delete_file(sock_t sock, const std::string& file_path) {
      |                               ^~~~~
file_transfer.cpp:75:59: error: expression list treated as compound expression in initializer [-fpermissive]
   75 | bool delete_file(sock_t sock, const std::string& file_path) {
      |                                                           ^
file_transfer.cpp:81:18: error: 'sock_t' was not declared in this scope; did you mean 'clock_t'?
   81 | bool rename_file(sock_t sock, const std::string& old_name, const std::string& new_name) {
      |                  ^~~~~~
      |                  clock_t
file_transfer.cpp:81:31: error: expected primary-expression before 'const'
   81 | bool rename_file(sock_t sock, const std::string& old_name, const std::string& new_name) {
      |                               ^~~~~
file_transfer.cpp:81:60: error: expected primary-expression before 'const'
   81 | bool rename_file(sock_t sock, const std::string& old_name, const std::string& new_name) {
      |                                                            ^~~~~
file_transfer.cpp:81:87: error: expression list treated as compound expression in initializer [-fpermissive]
   81 | bool rename_file(sock_t sock, const std::string& old_name, const std::string& new_name) {
      |                                                                                       ^
file_transfer.cpp:87:16: error: 'sock_t' was not declared in this scope; did you mean 'clock_t'?
   87 | bool move_file(sock_t sock, const std::string& file_path, const std::string& new_location) {
      |                ^~~~~~
      |                clock_t
file_transfer.cpp:87:29: error: expected primary-expression before 'const'
   87 | bool move_file(sock_t sock, const std::string& file_path, const std::string& new_location) {
      |                             ^~~~~
file_transfer.cpp:87:59: error: expected primary-expression before 'const'
   87 | bool move_file(sock_t sock, const std::string& file_path, const std::string& new_location) {
      |                                                           ^~~~~
file_transfer.cpp:87:90: error: expression list treated as compound expression in initializer [-fpermissive]
   87 | bool move_file(sock_t sock, const std::string& file_path, const std::string& new_location) {
      |                                                                                          ^
main.cpp: In function 'void open_process_manager(sock_t)':
main.cpp:100:45: error: 'TH32CS_PROCESS' was not declared in this scope; did you mean 'TH32CS_SNAPPROCESS'?
  100 |     HANDLE hSnap = CreateToolhelp32Snapshot(TH32CS_PROCESS, 0);
      |                                             ^~~~~~~~~~~~~~
      |                                             TH32CS_SNAPPROCESS
main.cpp: In function 'void start_chat(sock_t)':
main.cpp:139:5: error: 'chat_interface' was not declared in this scope; did you mean 'interface'?
  139 |     chat_interface(sock);
      |     ^~~~~~~~~~~~~~
      |     interface
main.cpp: In function 'void sync_clipboard(sock_t)':
main.cpp:164:5: error: 'set_clipboard_text' was not declared in this scope
  164 |     set_clipboard_text(text);
      |     ^~~~~~~~~~~~~~~~~~
main.cpp: In function 'void access_camera(sock_t)':
main.cpp:172:18: error: too few arguments to function 'void access_camera(sock_t)'
  172 |     access_camera();
      |     ~~~~~~~~~~~~~^~
main.cpp:171:6: note: declared here
  171 | void access_camera(sock_t) {
      |      ^~~~~~~~~~~~~
process_manager.cpp: In function 'std::vector<ProcessInfo> get_running_processes()':
process_manager.cpp:25:52: error: 'TH32CS_PROCESS' was not declared in this scope; did you mean 'TH32CS_SNAPPROCESS'?
   25 |     HANDLE hProcessSnap = CreateToolhelp32Snapshot(TH32CS_PROCESS, 0);
      |                                                    ^~~~~~~~~~~~~~
      |                                                    TH32CS_SNAPPROCESS
recording.cpp:7:7: error: redefinition of 'class SessionRecorder'
    7 | class SessionRecorder {
      |       ^~~~~~~~~~~~~~~
In file included from recording.cpp:1:
recording.h:7:7: note: previous definition of 'class SessionRecorder'
    7 | class SessionRecorder {
      |       ^~~~~~~~~~~~~~~
recording.cpp: In function 'void exampleUsage()':
recording.cpp:47:53: error: no matching function for call to 'SessionRecorder::SessionRecorder(const char [22])'
   47 |     SessionRecorder recorder("session_recording.mp4");
      |                                                     ^
recording.cpp:47:53: note: there are 2 candidates
recording.h:9:5: note: candidate 1: 'SessionRecorder::SessionRecorder()'
    9 |     SessionRecorder();
      |     ^~~~~~~~~~~~~~~
recording.h:9:5: note: candidate expects 0 arguments, 1 provided
recording.h:7:7: note: candidate 2: 'SessionRecorder::SessionRecorder(const SessionRecorder&)'
    7 | class SessionRecorder {
      |       ^~~~~~~~~~~~~~~
recording.h:7:7: note: no known conversion for argument 1 from 'const char [22]' to 'const SessionRecorder&'
recording.cpp:48:28: error: no matching function for call to 'SessionRecorder::startRecording()'
   48 |     recorder.startRecording();
      |     ~~~~~~~~~~~~~~~~~~~~~~~^~
recording.cpp:48:28: note: there is 1 candidate
recording.h:12:10: note: candidate 1: 'bool SessionRecorder::startRecording(const std::string&)'
   12 |     bool startRecording(const std::string& sessionId);
      |          ^~~~~~~~~~~~~~
recording.h:12:10: note: candidate expects 1 argument, 0 provided
recording.cpp:51:27: error: no matching function for call to 'SessionRecorder::saveRecording()'
   51 |     recorder.saveRecording();
      |     ~~~~~~~~~~~~~~~~~~~~~~^~
recording.cpp:51:27: note: there is 1 candidate
recording.h:14:10: note: candidate 1: 'bool SessionRecorder::saveRecording(const std::string&)'
   14 |     bool saveRecording(const std::string& filePath);
      |          ^~~~~~~~~~~~~
recording.h:14:10: note: candidate expects 1 argument, 0 provided
screen_share.cpp:12:6: error: variable or field 'capture_and_send' declared void
   12 | void capture_and_send(sock_t sock) {
      |      ^~~~~~~~~~~~~~~~
screen_share.cpp:12:23: error: 'sock_t' was not declared in this scope; did you mean 'socket'?
   12 | void capture_and_send(sock_t sock) {
      |                       ^~~~~~
      |                       socket
screen_share.cpp:38:6: error: variable or field 'start_screen_sharing' declared void
   38 | void start_screen_sharing(sock_t sock) {
      |      ^~~~~~~~~~~~~~~~~~~~
screen_share.cpp:38:27: error: 'sock_t' was not declared in this scope; did you mean 'socket'?
   38 | void start_screen_sharing(sock_t sock) {
      |                           ^~~~~~
      |                           socket
screenshot.cpp: In function 'void capture_screenshot(std::vector<unsigned char>&)':
screenshot.cpp:28:5: error: 'save_bitmap_to_png' was not declared in this scope
   28 |     save_bitmap_to_png(hBitmap, outBuffer);
      |     ^~~~~~~~~~~~~~~~~~
security.cpp:6:11: error: 'namespace Security { }' redeclared as different kind of entity
    6 | namespace Security {
      |           ^~~~~~~~
In file included from security.cpp:1:
security.h:6:7: note: previous declaration 'class Security'
    6 | class Security {
      |       ^~~~~~~~
session_manager.cpp:6:7: error: redefinition of 'class Session'
    6 | class Session {
      |       ^~~~~~~
In file included from session_manager.cpp:1:
session_manager.h:7:7: note: previous definition of 'class Session'
    7 | class Session {
      |       ^~~~~~~
session_manager.cpp:16:7: error: redefinition of 'class SessionManager'
   16 | class SessionManager {
      |       ^~~~~~~~~~~~~~
session_manager.h:19:7: note: previous definition of 'class SessionManager'
   19 | class SessionManager {
      |       ^~~~~~~~~~~~~~
shell.cpp:13:7: error: redefinition of 'class RemoteShell'
   13 | class RemoteShell {
      |       ^~~~~~~~~~~
In file included from shell.cpp:1:
shell.h:7:7: note: previous definition of 'class RemoteShell'
    7 | class RemoteShell {
      |       ^~~~~~~~~~~
system_info.cpp:3:10: fatal error: sys/sysinfo.h: No such file or directory
    3 | #include <sys/sysinfo.h>
      |          ^~~~~~~~~~~~~~~
compilation terminated.
In file included from wrappers.cpp:1:
wrappers.h:10:15: error: 'sock_t' was not declared in this scope
   10 | bool send_all(sock_t sock, const char* buffer, size_t length);
      |               ^~~~~~
wrappers.h:10:28: error: expected primary-expression before 'const'
   10 | bool send_all(sock_t sock, const char* buffer, size_t length);
      |                            ^~~~~
wrappers.h:10:55: error: expected primary-expression before 'length'
   10 | bool send_all(sock_t sock, const char* buffer, size_t length);
      |                                                       ^~~~~~
wrappers.h:10:61: error: expression list treated as compound expression in initializer [-fpermissive]
   10 | bool send_all(sock_t sock, const char* buffer, size_t length);
      |                                                             ^
wrappers.h:11:15: error: 'sock_t' was not declared in this scope
   11 | bool recv_all(sock_t sock, char* buffer, size_t length);
      |               ^~~~~~
wrappers.h:11:28: error: expected primary-expression before 'char'
   11 | bool recv_all(sock_t sock, char* buffer, size_t length);
      |                            ^~~~
wrappers.h:11:49: error: expected primary-expression before 'length'
   11 | bool recv_all(sock_t sock, char* buffer, size_t length);
      |                                                 ^~~~~~
wrappers.h:11:55: error: expression list treated as compound expression in initializer [-fpermissive]
   11 | bool recv_all(sock_t sock, char* buffer, size_t length);
      |                                                       ^
wrappers.h:13:6: error: variable or field 'open_file_manager' declared void
   13 | void open_file_manager(sock_t sock);
      |      ^~~~~~~~~~~~~~~~~
wrappers.h:13:24: error: 'sock_t' was not declared in this scope
   13 | void open_file_manager(sock_t sock);
      |                        ^~~~~~
wrappers.h:14:6: error: variable or field 'open_process_manager' declared void
   14 | void open_process_manager(sock_t sock);
      |      ^~~~~~~~~~~~~~~~~~~~
wrappers.h:14:27: error: 'sock_t' was not declared in this scope
   14 | void open_process_manager(sock_t sock);
      |                           ^~~~~~
wrappers.h:15:6: error: variable or field 'send_system_info' declared void
   15 | void send_system_info(sock_t sock);
      |      ^~~~~~~~~~~~~~~~
wrappers.h:15:23: error: 'sock_t' was not declared in this scope
   15 | void send_system_info(sock_t sock);
      |                       ^~~~~~
wrappers.h:16:6: error: variable or field 'start_chat' declared void
   16 | void start_chat(sock_t sock);
      |      ^~~~~~~~~~
wrappers.h:16:17: error: 'sock_t' was not declared in this scope
   16 | void start_chat(sock_t sock);
      |                 ^~~~~~
wrappers.h:17:6: error: variable or field 'handle_power_control' declared void
   17 | void handle_power_control(sock_t sock);
      |      ^~~~~~~~~~~~~~~~~~~~
wrappers.h:17:27: error: 'sock_t' was not declared in this scope
   17 | void handle_power_control(sock_t sock);
      |                           ^~~~~~
wrappers.h:18:6: error: variable or field 'sync_clipboard' declared void
   18 | void sync_clipboard(sock_t sock);
      |      ^~~~~~~~~~~~~~
wrappers.h:18:21: error: 'sock_t' was not declared in this scope
   18 | void sync_clipboard(sock_t sock);
      |                     ^~~~~~
wrappers.h:19:6: error: variable or field 'access_camera' declared void
   19 | void access_camera(sock_t sock);
      |      ^~~~~~~~~~~~~
wrappers.h:19:20: error: 'sock_t' was not declared in this scope
   19 | void access_camera(sock_t sock);
      |                    ^~~~~~
wrappers.h:20:6: error: variable or field 'manage_sessions' declared void
   20 | void manage_sessions(sock_t sock);
      |      ^~~~~~~~~~~~~~~
wrappers.h:20:22: error: 'sock_t' was not declared in this scope
   20 | void manage_sessions(sock_t sock);
      |                      ^~~~~~
wrappers.h:21:6: error: variable or field 'handle_file_transfer' declared void
   21 | void handle_file_transfer(sock_t sock);
      |      ^~~~~~~~~~~~~~~~~~~~
wrappers.h:21:27: error: 'sock_t' was not declared in this scope
   21 | void handle_file_transfer(sock_t sock);
      |                           ^~~~~~
wrappers.h:22:6: error: variable or field 'take_screenshot' declared void
   22 | void take_screenshot(sock_t sock);
      |      ^~~~~~~~~~~~~~~
wrappers.h:22:22: error: 'sock_t' was not declared in this scope
   22 | void take_screenshot(sock_t sock);
      |                      ^~~~~~
wrappers.h:23:6: error: variable or field 'start_recording' declared void
   23 | void start_recording(sock_t sock);
      |      ^~~~~~~~~~~~~~~
wrappers.h:23:22: error: 'sock_t' was not declared in this scope
   23 | void start_recording(sock_t sock);
      |                      ^~~~~~
wrappers.h:24:6: error: variable or field 'show_help' declared void
   24 | void show_help(sock_t sock);
      |      ^~~~~~~~~
wrappers.h:24:16: error: 'sock_t' was not declared in this scope
   24 | void show_help(sock_t sock);
      |                ^~~~~~
wrappers.h:25:6: error: variable or field 'handle_security' declared void
   25 | void handle_security(sock_t sock);
      |      ^~~~~~~~~~~~~~~
wrappers.h:25:22: error: 'sock_t' was not declared in this scope
   25 | void handle_security(sock_t sock);
      |                      ^~~~~~
wrappers.cpp:41:6: error: redefinition of 'bool send_all'
   41 | bool send_all(sock_t sock, const char* buffer, size_t length) {
      |      ^~~~~~~~
wrappers.h:10:6: note: 'bool send_all' previously defined here
   10 | bool send_all(sock_t sock, const char* buffer, size_t length);
      |      ^~~~~~~~
wrappers.cpp:41:15: error: 'sock_t' was not declared in this scope; did you mean 'socket'?
   41 | bool send_all(sock_t sock, const char* buffer, size_t length) {
      |               ^~~~~~
      |               socket
wrappers.cpp:41:28: error: expected primary-expression before 'const'
   41 | bool send_all(sock_t sock, const char* buffer, size_t length) {
      |                            ^~~~~
wrappers.cpp:41:55: error: expected primary-expression before 'length'
   41 | bool send_all(sock_t sock, const char* buffer, size_t length) {
      |                                                       ^~~~~~
wrappers.cpp:55:6: error: redefinition of 'bool recv_all'
   55 | bool recv_all(sock_t sock, char* buffer, size_t length) {
      |      ^~~~~~~~
wrappers.h:11:6: note: 'bool recv_all' previously defined here
   11 | bool recv_all(sock_t sock, char* buffer, size_t length);
      |      ^~~~~~~~
wrappers.cpp:55:15: error: 'sock_t' was not declared in this scope; did you mean 'socket'?
   55 | bool recv_all(sock_t sock, char* buffer, size_t length) {
      |               ^~~~~~
      |               socket
wrappers.cpp:55:28: error: expected primary-expression before 'char'
   55 | bool recv_all(sock_t sock, char* buffer, size_t length) {
      |                            ^~~~
wrappers.cpp:55:49: error: expected primary-expression before 'length'
   55 | bool recv_all(sock_t sock, char* buffer, size_t length) {
      |                                                 ^~~~~~
wrappers.cpp:69:6: error: variable or field 'open_file_manager' declared void
   69 | void open_file_manager(sock_t sock) {
      |      ^~~~~~~~~~~~~~~~~
wrappers.cpp:69:24: error: 'sock_t' was not declared in this scope; did you mean 'socket'?
   69 | void open_file_manager(sock_t sock) {
      |                        ^~~~~~
      |                        socket
wrappers.cpp:78:6: error: variable or field 'open_process_manager' declared void
   78 | void open_process_manager(sock_t sock) {
      |      ^~~~~~~~~~~~~~~~~~~~
wrappers.cpp:78:27: error: 'sock_t' was not declared in this scope; did you mean 'socket'?
   78 | void open_process_manager(sock_t sock) {
      |                           ^~~~~~
      |                           socket
wrappers.cpp:109:6: error: variable or field 'send_system_info' declared void
  109 | void send_system_info(sock_t sock) {
      |      ^~~~~~~~~~~~~~~~
wrappers.cpp:109:23: error: 'sock_t' was not declared in this scope; did you mean 'socket'?
  109 | void send_system_info(sock_t sock) {
      |                       ^~~~~~
      |                       socket
wrappers.cpp:114:6: error: variable or field 'start_chat' declared void
  114 | void start_chat(sock_t sock) {
      |      ^~~~~~~~~~
wrappers.cpp:114:17: error: 'sock_t' was not declared in this scope; did you mean 'socket'?
  114 | void start_chat(sock_t sock) {
      |                 ^~~~~~
      |                 socket
wrappers.cpp:118:6: error: variable or field 'handle_power_control' declared void
  118 | void handle_power_control(sock_t sock) {
      |      ^~~~~~~~~~~~~~~~~~~~
wrappers.cpp:118:27: error: 'sock_t' was not declared in this scope; did you mean 'socket'?
  118 | void handle_power_control(sock_t sock) {
      |                           ^~~~~~
      |                           socket
wrappers.cpp:125:6: error: variable or field 'sync_clipboard' declared void
  125 | void sync_clipboard(sock_t sock) {
      |      ^~~~~~~~~~~~~~
wrappers.cpp:125:21: error: 'sock_t' was not declared in this scope; did you mean 'socket'?
  125 | void sync_clipboard(sock_t sock) {
      |                     ^~~~~~
      |                     socket
wrappers.cpp:138:6: error: variable or field 'access_camera' declared void
  138 | void access_camera(sock_t sock) {
      |      ^~~~~~~~~~~~~
wrappers.cpp:138:20: error: 'sock_t' was not declared in this scope; did you mean 'socket'?
  138 | void access_camera(sock_t sock) {
      |                    ^~~~~~
      |                    socket
wrappers.cpp:143:6: error: variable or field 'manage_sessions' declared void
  143 | void manage_sessions(sock_t sock) {
      |      ^~~~~~~~~~~~~~~
wrappers.cpp:143:22: error: 'sock_t' was not declared in this scope; did you mean 'socket'?
  143 | void manage_sessions(sock_t sock) {
      |                      ^~~~~~
      |                      socket
wrappers.cpp:148:6: error: variable or field 'handle_file_transfer' declared void
  148 | void handle_file_transfer(sock_t sock) {
      |      ^~~~~~~~~~~~~~~~~~~~
wrappers.cpp:148:27: error: 'sock_t' was not declared in this scope; did you mean 'socket'?
  148 | void handle_file_transfer(sock_t sock) {
      |                           ^~~~~~
      |                           socket
wrappers.cpp:153:6: error: variable or field 'take_screenshot' declared void
  153 | void take_screenshot(sock_t sock) {
      |      ^~~~~~~~~~~~~~~
wrappers.cpp:153:22: error: 'sock_t' was not declared in this scope; did you mean 'socket'?
  153 | void take_screenshot(sock_t sock) {
      |                      ^~~~~~
      |                      socket
wrappers.cpp:163:6: error: variable or field 'start_recording' declared void
  163 | void start_recording(sock_t sock) {
      |      ^~~~~~~~~~~~~~~
wrappers.cpp:163:22: error: 'sock_t' was not declared in this scope; did you mean 'socket'?
  163 | void start_recording(sock_t sock) {
      |                      ^~~~~~
      |                      socket
wrappers.cpp:168:6: error: variable or field 'show_help' declared void
  168 | void show_help(sock_t sock) {
      |      ^~~~~~~~~
wrappers.cpp:168:16: error: 'sock_t' was not declared in this scope; did you mean 'socket'?
  168 | void show_help(sock_t sock) {
      |                ^~~~~~
      |                socket
wrappers.cpp:174:6: error: variable or field 'handle_security' declared void
  174 | void handle_security(sock_t sock) {
      |      ^~~~~~~~~~~~~~~
wrappers.cpp:174:22: error: 'sock_t' was not declared in this scope; did you mean 'socket'?
  174 | void handle_security(sock_t sock) {
      |                      ^~~~~~
      |                      socket
